<?xml version="1.0" encoding="UTF-8"?>
<!-- Generated by org.testng.reporters.JUnitReportReporter -->
<testsuite hostname="Sudhayog" failures="0" tests="1" name="testCases.TC_Login_001" time="0.924" errors="0" timestamp="10 Apr 2020 18:13:29 GMT" skipped="0">
  <testcase classname="testCases.TC_Login_001" name="login" time="0.924"/>
</testsuite> <!-- testCases.TC_Login_001 -->
